2018-08-08 19:19:34.649 debug 40945 --- [main] LoggerTest                 : Starting LoggerTest on localhost with PID 40945 (started by Iverson in /Users/Iverson/IdeaProjects/demo)
2018-08-08 19:19:34.651 debug 40945 --- [main] LoggerTest                 : No active profile set, falling back to default profiles: default
2018-08-08 19:19:34.707 debug 40945 --- [main] o.s.w.c.s.GenericWebApplicationContext   : Refreshing org.springframework.web.context.support.GenericWebApplicationContext@9816741: startup date [Wed Aug 08 19:19:34 CST 2018]; root of context hierarchy
2018-08-08 19:19:36.738 debug 40945 --- [main] trationDelegate$BeanPostProcessorChecker : Bean 'org.springframework.transaction.annotation.ProxyTransactionManagementConfiguration' of type [org.springframework.transaction.annotation.ProxyTransactionManagementConfiguration$$EnhancerBySpringCGLIB$$f9061b5d] is not eligible for getting processed by all BeanPostProcessors (for example: not eligible for auto-proxying)
2018-08-08 19:19:37.647 debug 40945 --- [main] com.zaxxer.hikari.HikariDataSource       : HikariPool-1 - Starting...
2018-08-08 19:19:38.383 debug 40945 --- [main] com.zaxxer.hikari.HikariDataSource       : HikariPool-1 - Start completed.
2018-08-08 19:19:38.749 debug 40945 --- [main] j.LocalContainerEntityManagerFactoryBean : Building JPA container EntityManagerFactory for persistence unit 'default'
2018-08-08 19:19:38.785 debug 40945 --- [main] o.hibernate.jpa.internal.util.LogHelper  : HHH000204: Processing PersistenceUnitInfo [
	name: default
	...]
2018-08-08 19:19:39.430 debug 40945 --- [main] org.hibernate.Version                    : HHH000412: Hibernate Core {5.2.17.Final}
2018-08-08 19:19:39.442 debug 40945 --- [main] org.hibernate.cfg.Environment            : HHH000206: hibernate.properties not found
2018-08-08 19:19:39.657 debug 40945 --- [main] o.hibernate.annotations.common.Version   : HCANN000001: Hibernate Commons Annotations {5.0.1.Final}
2018-08-08 19:19:39.967 debug 40945 --- [main] org.hibernate.dialect.Dialect            : HHH000400: Using dialect: org.hibernate.dialect.MySQL5Dialect
2018-08-08 19:19:40.354 debug 40945 --- [main] j.LocalContainerEntityManagerFactoryBean : Initialized JPA EntityManagerFactory for persistence unit 'default'
2018-08-08 19:19:40.920 debug 40945 --- [main] o.s.w.s.handler.SimpleUrlHandlerMapping  : Mapped URL path [/**/favicon.ico] onto handler of type [class org.springframework.web.servlet.resource.ResourceHttpRequestHandler]
2018-08-08 19:19:41.360 debug 40945 --- [main] s.w.s.m.m.a.RequestMappingHandlerAdapter : Looking for @ControllerAdvice: org.springframework.web.context.support.GenericWebApplicationContext@9816741: startup date [Wed Aug 08 19:19:34 CST 2018]; root of context hierarchy
2018-08-08 19:19:41.430 debug 40945 --- [main] aWebConfiguration$JpaWebMvcConfiguration : spring.jpa.open-in-view is enabled by default. Therefore, database queries may be performed during view rendering. Explicitly configure spring.jpa.open-in-view to disable this warning
2018-08-08 19:19:41.501 debug 40945 --- [main] s.w.s.m.m.a.RequestMappingHandlerMapping : Mapped "{[/error]}" onto public org.springframework.http.ResponseEntity<java.util.Map<java.lang.String, java.lang.Object>> org.springframework.boot.autoconfigure.web.servlet.error.BasicErrorController.error(javax.servlet.http.HttpServletRequest)
2018-08-08 19:19:41.502 debug 40945 --- [main] s.w.s.m.m.a.RequestMappingHandlerMapping : Mapped "{[/error],produces=[text/html]}" onto public org.springframework.web.servlet.ModelAndView org.springframework.boot.autoconfigure.web.servlet.error.BasicErrorController.errorHtml(javax.servlet.http.HttpServletRequest,javax.servlet.http.HttpServletResponse)
2018-08-08 19:19:41.562 debug 40945 --- [main] o.s.w.s.handler.SimpleUrlHandlerMapping  : Mapped URL path [/webjars/**] onto handler of type [class org.springframework.web.servlet.resource.ResourceHttpRequestHandler]
2018-08-08 19:19:41.563 debug 40945 --- [main] o.s.w.s.handler.SimpleUrlHandlerMapping  : Mapped URL path [/**] onto handler of type [class org.springframework.web.servlet.resource.ResourceHttpRequestHandler]
2018-08-08 19:19:42.027 debug 40945 --- [main] LoggerTest                 : Started LoggerTest in 8.31 seconds (JVM running for 10.926)
2018-08-08 19:19:42.158 debug 40945 --- [main] LoggerTest                 : name:aimii, passwprd123456
2018-08-08 19:19:42.158 debug 40945 --- [main] LoggerTest                 : name:aimii,passwprd:123456
2018-08-08 19:19:42.158 debug 40945 --- [main] LoggerTest                 : error...
2018-08-08 19:19:42.168 debug 40945 --- [Thread-2] o.s.w.c.s.GenericWebApplicationContext   : Closing org.springframework.web.context.support.GenericWebApplicationContext@9816741: startup date [Wed Aug 08 19:19:34 CST 2018]; root of context hierarchy
2018-08-08 19:19:42.173 debug 40945 --- [Thread-2] j.LocalContainerEntityManagerFactoryBean : Closing JPA EntityManagerFactory for persistence unit 'default'
2018-08-08 19:19:42.176 debug 40945 --- [Thread-2] com.zaxxer.hikari.HikariDataSource       : HikariPool-1 - Shutdown initiated...
2018-08-08 19:19:42.186 debug 40945 --- [Thread-2] com.zaxxer.hikari.HikariDataSource       : HikariPool-1 - Shutdown completed.
2018-08-08 19:24:50.185 DEBUG 41470 --- [main] com.cell.LoggerTest                      : Starting LoggerTest on localhost with PID 41470 (started by Iverson in /Users/Iverson/IdeaProjects/demo)
2018-08-08 19:24:50.187 DEBUG 41470 --- [main] com.cell.LoggerTest                      : No active profile set, falling back to default profiles: default
2018-08-08 19:24:50.288 DEBUG 41470 --- [main] o.s.w.c.s.GenericWebApplicationContext   : Refreshing org.springframework.web.context.support.GenericWebApplicationContext@13d73f29: startup date [Wed Aug 08 19:24:50 CST 2018]; root of context hierarchy
2018-08-08 19:24:52.774 DEBUG 41470 --- [main] trationDelegate$BeanPostProcessorChecker : Bean 'org.springframework.transaction.annotation.ProxyTransactionManagementConfiguration' of type [org.springframework.transaction.annotation.ProxyTransactionManagementConfiguration$$EnhancerBySpringCGLIB$$7e5a42e5] is not eligible for getting processed by all BeanPostProcessors (for example: not eligible for auto-proxying)
2018-08-08 19:24:53.259 DEBUG 41470 --- [main] com.zaxxer.hikari.HikariDataSource       : HikariPool-1 - Starting...
2018-08-08 19:24:53.634 DEBUG 41470 --- [main] com.zaxxer.hikari.HikariDataSource       : HikariPool-1 - Start completed.
2018-08-08 19:24:53.701 DEBUG 41470 --- [main] j.LocalContainerEntityManagerFactoryBean : Building JPA container EntityManagerFactory for persistence unit 'default'
2018-08-08 19:24:53.719 DEBUG 41470 --- [main] o.hibernate.jpa.internal.util.LogHelper  : HHH000204: Processing PersistenceUnitInfo [
	name: default
	...]
2018-08-08 19:24:53.975 DEBUG 41470 --- [main] org.hibernate.Version                    : HHH000412: Hibernate Core {5.2.17.Final}
2018-08-08 19:24:53.977 DEBUG 41470 --- [main] org.hibernate.cfg.Environment            : HHH000206: hibernate.properties not found
2018-08-08 19:24:54.039 DEBUG 41470 --- [main] o.hibernate.annotations.common.Version   : HCANN000001: Hibernate Commons Annotations {5.0.1.Final}
2018-08-08 19:24:54.241 DEBUG 41470 --- [main] org.hibernate.dialect.Dialect            : HHH000400: Using dialect: org.hibernate.dialect.MySQL5Dialect
2018-08-08 19:24:54.589 DEBUG 41470 --- [main] j.LocalContainerEntityManagerFactoryBean : Initialized JPA EntityManagerFactory for persistence unit 'default'
2018-08-08 19:24:55.180 DEBUG 41470 --- [main] o.s.w.s.handler.SimpleUrlHandlerMapping  : Mapped URL path [/**/favicon.ico] onto handler of type [class org.springframework.web.servlet.resource.ResourceHttpRequestHandler]
2018-08-08 19:24:55.800 DEBUG 41470 --- [main] s.w.s.m.m.a.RequestMappingHandlerAdapter : Looking for @ControllerAdvice: org.springframework.web.context.support.GenericWebApplicationContext@13d73f29: startup date [Wed Aug 08 19:24:50 CST 2018]; root of context hierarchy
2018-08-08 19:24:55.939 DEBUG 41470 --- [main] aWebConfiguration$JpaWebMvcConfiguration : spring.jpa.open-in-view is enabled by default. Therefore, database queries may be performed during view rendering. Explicitly configure spring.jpa.open-in-view to disable this warning
2018-08-08 19:24:56.057 DEBUG 41470 --- [main] s.w.s.m.m.a.RequestMappingHandlerMapping : Mapped "{[/error]}" onto public org.springframework.http.ResponseEntity<java.util.Map<java.lang.String, java.lang.Object>> org.springframework.boot.autoconfigure.web.servlet.error.BasicErrorController.error(javax.servlet.http.HttpServletRequest)
2018-08-08 19:24:56.059 DEBUG 41470 --- [main] s.w.s.m.m.a.RequestMappingHandlerMapping : Mapped "{[/error],produces=[text/html]}" onto public org.springframework.web.servlet.ModelAndView org.springframework.boot.autoconfigure.web.servlet.error.BasicErrorController.errorHtml(javax.servlet.http.HttpServletRequest,javax.servlet.http.HttpServletResponse)
2018-08-08 19:24:56.137 DEBUG 41470 --- [main] o.s.w.s.handler.SimpleUrlHandlerMapping  : Mapped URL path [/webjars/**] onto handler of type [class org.springframework.web.servlet.resource.ResourceHttpRequestHandler]
2018-08-08 19:24:56.138 DEBUG 41470 --- [main] o.s.w.s.handler.SimpleUrlHandlerMapping  : Mapped URL path [/**] onto handler of type [class org.springframework.web.servlet.resource.ResourceHttpRequestHandler]
2018-08-08 19:24:57.345 DEBUG 41470 --- [main] com.cell.LoggerTest                      : Started LoggerTest in 8.031 seconds (JVM running for 10.224)
2018-08-08 19:24:57.834 DEBUG 41470 --- [main] com.cell.LoggerTest                      : name:aimii, passwprd123456
2018-08-08 19:24:57.834 DEBUG 41470 --- [main] com.cell.LoggerTest                      : name:aimii,passwprd:123456
2018-08-08 19:24:57.834 DEBUG 41470 --- [main] com.cell.LoggerTest                      : error...
2018-08-08 19:24:57.846 DEBUG 41470 --- [Thread-2] o.s.w.c.s.GenericWebApplicationContext   : Closing org.springframework.web.context.support.GenericWebApplicationContext@13d73f29: startup date [Wed Aug 08 19:24:50 CST 2018]; root of context hierarchy
2018-08-08 19:24:57.856 DEBUG 41470 --- [Thread-2] j.LocalContainerEntityManagerFactoryBean : Closing JPA EntityManagerFactory for persistence unit 'default'
2018-08-08 19:24:57.865 DEBUG 41470 --- [Thread-2] com.zaxxer.hikari.HikariDataSource       : HikariPool-1 - Shutdown initiated...
2018-08-08 19:24:57.891 DEBUG 41470 --- [Thread-2] com.zaxxer.hikari.HikariDataSource       : HikariPool-1 - Shutdown completed.
